<?xml version="1.0" encoding="UTF-8"?>
<!-- Generated by org.testng.reporters.JUnitXMLReporter -->
<testsuite ignored="0" hostname="DESKTOP-O4SES0B" failures="0" tests="8" name="Default test" time="3.708" errors="0" timestamp="2021-02-05T12:14:48 IST">
  <testcase classname="testcases.LibraryAPI" name="AddBook" time="2.109"/>
  <testcase classname="testcases.LibraryAPI" name="AddBook" time="0.163"/>
  <testcase classname="testcases.LibraryAPI" name="AddBook" time="0.14"/>
  <testcase classname="testcases.LibraryAPI" name="AddBook" time="0.144"/>
  <testcase classname="testcases.LibraryAPI" name="deleteBook" time="0.126"/>
  <testcase classname="testcases.LibraryAPI" name="deleteBook" time="0.136"/>
  <testcase classname="testcases.LibraryAPI" name="deleteBook" time="0.153"/>
  <testcase classname="testcases.LibraryAPI" name="deleteBook" time="0.149"/>
</testsuite> <!-- Default test -->
