<?xml version="1.0" encoding="UTF-8"?>
<testng-results ignored="0" total="8" passed="8" failed="0" skipped="0">
  <reporter-output>
  </reporter-output>
  <suite started-at="2021-02-05T12:14:44 IST" name="Default suite" finished-at="2021-02-05T12:14:48 IST" duration-ms="3708">
    <groups>
    </groups>
    <test started-at="2021-02-05T12:14:44 IST" name="Default test" finished-at="2021-02-05T12:14:48 IST" duration-ms="3708">
      <class name="testcases.LibraryAPI">
        <test-method signature="AddBook(java.lang.String, java.lang.String)[pri:0, instance:testcases.LibraryAPI@7adda9cc]" started-at="2021-02-05T12:14:45 IST" name="AddBook" data-provider="AddBook" finished-at="2021-02-05T12:14:47 IST" duration-ms="2109" status="PASS">
          <params>
            <param index="0">
              <value>
                <![CDATA[Rahul]]>
              </value>
            </param>
            <param index="1">
              <value>
                <![CDATA[4486]]>
              </value>
            </param>
          </params>
          <reporter-output>
          </reporter-output>
        </test-method> <!-- AddBook -->
        <test-method signature="AddBook(java.lang.String, java.lang.String)[pri:0, instance:testcases.LibraryAPI@7adda9cc]" started-at="2021-02-05T12:14:47 IST" name="AddBook" data-provider="AddBook" finished-at="2021-02-05T12:14:47 IST" duration-ms="163" status="PASS">
          <params>
            <param index="0">
              <value>
                <![CDATA[Rachu]]>
              </value>
            </param>
            <param index="1">
              <value>
                <![CDATA[4487]]>
              </value>
            </param>
          </params>
          <reporter-output>
          </reporter-output>
        </test-method> <!-- AddBook -->
        <test-method signature="AddBook(java.lang.String, java.lang.String)[pri:0, instance:testcases.LibraryAPI@7adda9cc]" started-at="2021-02-05T12:14:47 IST" name="AddBook" data-provider="AddBook" finished-at="2021-02-05T12:14:47 IST" duration-ms="140" status="PASS">
          <params>
            <param index="0">
              <value>
                <![CDATA[Ramesh]]>
              </value>
            </param>
            <param index="1">
              <value>
                <![CDATA[4488]]>
              </value>
            </param>
          </params>
          <reporter-output>
          </reporter-output>
        </test-method> <!-- AddBook -->
        <test-method signature="AddBook(java.lang.String, java.lang.String)[pri:0, instance:testcases.LibraryAPI@7adda9cc]" started-at="2021-02-05T12:14:47 IST" name="AddBook" data-provider="AddBook" finished-at="2021-02-05T12:14:48 IST" duration-ms="144" status="PASS">
          <params>
            <param index="0">
              <value>
                <![CDATA[Shubhangi]]>
              </value>
            </param>
            <param index="1">
              <value>
                <![CDATA[4489]]>
              </value>
            </param>
          </params>
          <reporter-output>
          </reporter-output>
        </test-method> <!-- AddBook -->
        <test-method signature="deleteBook(java.lang.String, java.lang.String)[pri:0, instance:testcases.LibraryAPI@7adda9cc]" started-at="2021-02-05T12:14:48 IST" name="deleteBook" data-provider="AddBook" finished-at="2021-02-05T12:14:48 IST" depends-on-methods="testcases.LibraryAPI.AddBook" duration-ms="126" status="PASS">
          <params>
            <param index="0">
              <value>
                <![CDATA[Rahul]]>
              </value>
            </param>
            <param index="1">
              <value>
                <![CDATA[4486]]>
              </value>
            </param>
          </params>
          <reporter-output>
          </reporter-output>
        </test-method> <!-- deleteBook -->
        <test-method signature="deleteBook(java.lang.String, java.lang.String)[pri:0, instance:testcases.LibraryAPI@7adda9cc]" started-at="2021-02-05T12:14:48 IST" name="deleteBook" data-provider="AddBook" finished-at="2021-02-05T12:14:48 IST" depends-on-methods="testcases.LibraryAPI.AddBook" duration-ms="136" status="PASS">
          <params>
            <param index="0">
              <value>
                <![CDATA[Rachu]]>
              </value>
            </param>
            <param index="1">
              <value>
                <![CDATA[4487]]>
              </value>
            </param>
          </params>
          <reporter-output>
          </reporter-output>
        </test-method> <!-- deleteBook -->
        <test-method signature="deleteBook(java.lang.String, java.lang.String)[pri:0, instance:testcases.LibraryAPI@7adda9cc]" started-at="2021-02-05T12:14:48 IST" name="deleteBook" data-provider="AddBook" finished-at="2021-02-05T12:14:48 IST" depends-on-methods="testcases.LibraryAPI.AddBook" duration-ms="153" status="PASS">
          <params>
            <param index="0">
              <value>
                <![CDATA[Ramesh]]>
              </value>
            </param>
            <param index="1">
              <value>
                <![CDATA[4488]]>
              </value>
            </param>
          </params>
          <reporter-output>
          </reporter-output>
        </test-method> <!-- deleteBook -->
        <test-method signature="deleteBook(java.lang.String, java.lang.String)[pri:0, instance:testcases.LibraryAPI@7adda9cc]" started-at="2021-02-05T12:14:48 IST" name="deleteBook" data-provider="AddBook" finished-at="2021-02-05T12:14:48 IST" depends-on-methods="testcases.LibraryAPI.AddBook" duration-ms="149" status="PASS">
          <params>
            <param index="0">
              <value>
                <![CDATA[Shubhangi]]>
              </value>
            </param>
            <param index="1">
              <value>
                <![CDATA[4489]]>
              </value>
            </param>
          </params>
          <reporter-output>
          </reporter-output>
        </test-method> <!-- deleteBook -->
      </class> <!-- testcases.LibraryAPI -->
    </test> <!-- Default test -->
  </suite> <!-- Default suite -->
</testng-results>
